<?xml version="1.0" encoding="UTF-8"?>
<!-- Generated by org.testng.reporters.JUnitReportReporter -->
<testsuite hostname="DESKTOP-AGHDDSV" failures="0" tests="1" name="test.com.GoogleSearchTest" time="7.415" errors="0" timestamp="20 Jan 2024 17:17:30 GMT">
  <testcase classname="test.com.GoogleSearchTest" name="testFacebook" time="7.415"/>
</testsuite> <!-- test.com.GoogleSearchTest -->
